

*******************************************************************************
Fri Nov  4 18:21:25 2016


FIT:    data read from "result23_20_20161104.dat" u 2:4
        format = x:z
        #datapoints = 89832
        residuals are weighted equally (unit weight)

function used for fitting: f(x)
	f(x) = a*x + b
fitted parameters initialized with current variable values

iter      chisq       delta/lim  lambda   a             b            
   0 2.9553072746e+12   0.00e+00  4.07e+03    1.000000e+00   1.000000e+00
   5 4.0051048974e+05  -1.03e-05  4.07e-02    3.770220e-03   2.087932e+00

After 5 iterations the fit converged.
final sum of squares of residuals : 400510
rel. change during last iteration : -1.03468e-10

degrees of freedom    (FIT_NDF)                        : 89830
rms of residuals      (FIT_STDFIT) = sqrt(WSSR/ndf)    : 2.11153
variance of residuals (reduced chisquare) = WSSR/ndf   : 4.45854

Final set of parameters            Asymptotic Standard Error
=======================            ==========================
a               = 0.00377022       +/- 2.353e-06    (0.06241%)
b               = 2.08793          +/- 0.01355      (0.6489%)

correlation matrix of the fit parameters:
                a      b      
a               1.000 
b              -0.854  1.000 
